<?xml version="1.0" encoding="UTF-8"?>
<!-- Generated by org.testng.reporters.JUnitReportReporter -->
<testsuite hostname="LAPTOP-J6DB108C" failures="0" tests="4" name="com.APITestCases.TC_01_GET_All_User_Details" time="0.005" errors="0" timestamp="2023-05-22T17:30:14 IST" skipped="0">
  <testcase classname="com.APITestCases.TC_01_GET_All_User_Details" name="checkResponseTime" time="0.001"/>
  <system-out/>
  <testcase classname="com.APITestCases.TC_01_GET_All_User_Details" name="checkStatusCode" time="0.001"/>
  <system-out/>
  <testcase classname="com.APITestCases.TC_01_GET_All_User_Details" name="checkStatusLine" time="0.001"/>
  <system-out/>
  <testcase classname="com.APITestCases.TC_01_GET_All_User_Details" name="checkResponseBody" time="0.002"/>
  <system-out/>
</testsuite> <!-- com.APITestCases.TC_01_GET_All_User_Details -->
