<?xml version="1.0" encoding="UTF-8"?>
<!-- Generated by org.testng.reporters.JUnitReportReporter -->
<testsuite hostname="LAPTOP-J6DB108C" failures="0" tests="4" name="com.api.basecom.API.TestCases.TC_05_Delete_user" time="0.010" errors="0" timestamp="2023-05-22T17:23:23 IST" skipped="0">
  <testcase classname="com.api.basecom.API.TestCases.TC_05_Delete_user" name="checkResponseBody" time="0.005"/>
  <system-out/>
  <testcase classname="com.api.basecom.API.TestCases.TC_05_Delete_user" name="checkResponseTime" time="0.003"/>
  <system-out/>
  <testcase classname="com.api.basecom.API.TestCases.TC_05_Delete_user" name="checkStatusLine" time="0.001"/>
  <system-out/>
  <testcase classname="com.api.basecom.API.TestCases.TC_05_Delete_user" name="checkStatusCode" time="0.001"/>
  <system-out/>
</testsuite> <!-- com.api.basecom.API.TestCases.TC_05_Delete_user -->
