<?xml version="1.0" encoding="UTF-8"?>
<!-- Generated by org.testng.reporters.JUnitReportReporter -->
<testsuite hostname="LAPTOP-J6DB108C" failures="0" tests="1" name="pkg.api.TC_007_GET_Authorizationn" time="3.236" errors="0" timestamp="2023-05-19T10:15:22 IST" skipped="0">
  <testcase classname="pkg.api.TC_007_GET_Authorizationn" name="getUser" time="3.236"/>
  <system-out/>
</testsuite> <!-- pkg.api.TC_007_GET_Authorizationn -->
