<?xml version="1.0" encoding="UTF-8"?>
<!-- Generated by org.testng.reporters.JUnitReportReporter -->
<testsuite hostname="LAPTOP-J6DB108C" failures="0" tests="1" name="pkg.api.TC_003_GET_Request_ValidateHeaders" time="2.348" errors="0" timestamp="2023-05-22T10:17:50 IST" skipped="0">
  <testcase classname="pkg.api.TC_003_GET_Request_ValidateHeaders" name="singleUserDetails" time="2.348"/>
  <system-out/>
</testsuite> <!-- pkg.api.TC_003_GET_Request_ValidateHeaders -->
