<?xml version="1.0" encoding="UTF-8"?>
<!-- Generated by org.testng.reporters.JUnitReportReporter -->
<testsuite hostname="LAPTOP-J6DB108C" failures="0" tests="6" name="com.api.basecom.API.TestCases.TC_02_GetSingleUserDetails" time="0.040" errors="0" timestamp="2023-05-22T11:33:37 IST" skipped="0">
  <testcase classname="com.api.basecom.API.TestCases.TC_02_GetSingleUserDetails" name="checkStatusLine" time="0.001"/>
  <system-out/>
  <testcase classname="com.api.basecom.API.TestCases.TC_02_GetSingleUserDetails" name="checkResponseTime" time="0.002"/>
  <system-out/>
  <testcase classname="com.api.basecom.API.TestCases.TC_02_GetSingleUserDetails" name="checkResponseBody" time="0.026"/>
  <system-out/>
  <testcase classname="com.api.basecom.API.TestCases.TC_02_GetSingleUserDetails" name="checkContentEncoding" time="0.009"/>
  <system-out/>
  <testcase classname="com.api.basecom.API.TestCases.TC_02_GetSingleUserDetails" name="checkStatusCode" time="0.001"/>
  <system-out/>
  <testcase classname="com.api.basecom.API.TestCases.TC_02_GetSingleUserDetails" name="checkContentType" time="0.001"/>
  <system-out/>
</testsuite> <!-- com.api.basecom.API.TestCases.TC_02_GetSingleUserDetails -->
