<?xml version="1.0" encoding="UTF-8"?>
<!-- Generated by org.testng.reporters.JUnitReportReporter -->
<testsuite hostname="LAPTOP-J6DB108C" failures="0" tests="1" name="pkg.api.TC_005_ValidateJSONResponse" time="2.120" errors="0" timestamp="2023-05-16T11:58:41 IST" skipped="0">
  <testcase classname="pkg.api.TC_005_ValidateJSONResponse" name="singleUserDetails" time="2.120"/>
  <system-out/>
</testsuite> <!-- pkg.api.TC_005_ValidateJSONResponse -->
