<?xml version="1.0" encoding="UTF-8"?>
<!-- Generated by org.testng.reporters.JUnitReportReporter -->
<testsuite hostname="LAPTOP-J6DB108C" failures="0" tests="4" name="datadriventesting.DataDrivenTestPostNewUser" time="3.994" errors="0" timestamp="2023-05-22T09:03:08 IST" skipped="0">
  <testcase classname="datadriventesting.DataDrivenTestPostNewUser" name="postNewUser" time="0.706"/>
  <system-out/>
  <testcase classname="datadriventesting.DataDrivenTestPostNewUser" name="postNewUser" time="1.769"/>
  <system-out/>
  <testcase classname="datadriventesting.DataDrivenTestPostNewUser" name="postNewUser" time="0.844"/>
  <system-out/>
  <testcase classname="datadriventesting.DataDrivenTestPostNewUser" name="postNewUser" time="0.675"/>
  <system-out/>
</testsuite> <!-- datadriventesting.DataDrivenTestPostNewUser -->
