<?xml version="1.0" encoding="UTF-8"?>
<!-- Generated by org.testng.reporters.JUnitReportReporter -->
<testsuite hostname="LAPTOP-J6DB108C" failures="0" tests="5" name="com.APITestCases.TC_04_PUT_Update_User" time="0.027" errors="0" timestamp="2023-05-22T17:30:14 IST" skipped="0">
  <testcase classname="com.APITestCases.TC_04_PUT_Update_User" name="checkStatusLine" time="0.001"/>
  <system-out/>
  <testcase classname="com.APITestCases.TC_04_PUT_Update_User" name="checkResponseBody" time="0.017"/>
  <system-out/>
  <testcase classname="com.APITestCases.TC_04_PUT_Update_User" name="checkContentType" time="0.006"/>
  <system-out/>
  <testcase classname="com.APITestCases.TC_04_PUT_Update_User" name="checkResponseTime" time="0.002"/>
  <system-out/>
  <testcase classname="com.APITestCases.TC_04_PUT_Update_User" name="checkStatusCode" time="0.001"/>
  <system-out/>
</testsuite> <!-- com.APITestCases.TC_04_PUT_Update_User -->
