<?xml version="1.0" encoding="UTF-8"?>
<!-- Generated by org.testng.reporters.JUnitReportReporter -->
<testsuite hostname="LAPTOP-J6DB108C" failures="0" tests="1" name="pkg.api.TC_001_GET_Request" time="3.217" errors="0" timestamp="2023-05-15T18:22:24 IST" skipped="0">
  <testcase classname="pkg.api.TC_001_GET_Request" name="getUserDetails" time="3.217"/>
  <system-out/>
</testsuite> <!-- pkg.api.TC_001_GET_Request -->
