<?xml version="1.0" encoding="UTF-8"?>
<!-- Generated by org.testng.reporters.JUnitReportReporter -->
<testsuite hostname="LAPTOP-J6DB108C" failures="0" tests="6" name="com.api.basecom.API.TestCases.TC_02_Get_Single_User_Details" time="0.005" errors="0" timestamp="2023-05-22T17:23:23 IST" skipped="0">
  <testcase classname="com.api.basecom.API.TestCases.TC_02_Get_Single_User_Details" name="checkResponseTime" time="0.001"/>
  <system-out/>
  <testcase classname="com.api.basecom.API.TestCases.TC_02_Get_Single_User_Details" name="checkStatusLine" time="0.000"/>
  <system-out/>
  <testcase classname="com.api.basecom.API.TestCases.TC_02_Get_Single_User_Details" name="checkStatusCode" time="0.001"/>
  <system-out/>
  <testcase classname="com.api.basecom.API.TestCases.TC_02_Get_Single_User_Details" name="checkContentEncoding" time="0.001"/>
  <system-out/>
  <testcase classname="com.api.basecom.API.TestCases.TC_02_Get_Single_User_Details" name="checkContentType" time="0.001"/>
  <system-out/>
  <testcase classname="com.api.basecom.API.TestCases.TC_02_Get_Single_User_Details" name="checkResponseBody" time="0.001"/>
  <system-out/>
</testsuite> <!-- com.api.basecom.API.TestCases.TC_02_Get_Single_User_Details -->
