<?xml version="1.0" encoding="UTF-8"?>
<!-- Generated by org.testng.reporters.JUnitReportReporter -->
<testsuite hostname="LAPTOP-J6DB108C" failures="0" tests="1" name="toolsQA.GetBookDetails" time="9.516" errors="0" timestamp="2023-06-09T10:39:03 IST" skipped="0">
  <testcase classname="toolsQA.GetBookDetails" name="getAllBookDetails" time="9.516"/>
  <system-out/>
</testsuite> <!-- toolsQA.GetBookDetails -->
