<?xml version="1.0" encoding="UTF-8"?>
<!-- Generated by org.testng.reporters.JUnitReportReporter -->
<testsuite hostname="LAPTOP-J6DB108C" failures="0" tests="5" name="com.APITestCases.TC_03_Post_new_User_Record" time="0.001" errors="0" timestamp="2023-05-22T17:30:14 IST" skipped="0">
  <testcase classname="com.APITestCases.TC_03_Post_new_User_Record" name="checkResponseTime" time="0.000"/>
  <system-out/>
  <testcase classname="com.APITestCases.TC_03_Post_new_User_Record" name="checkResponseBody" time="0.000"/>
  <system-out/>
  <testcase classname="com.APITestCases.TC_03_Post_new_User_Record" name="checkContentType" time="0.001"/>
  <system-out/>
  <testcase classname="com.APITestCases.TC_03_Post_new_User_Record" name="checkStatusLine" time="0.000"/>
  <system-out/>
  <testcase classname="com.APITestCases.TC_03_Post_new_User_Record" name="checkStatusCode" time="0.000"/>
  <system-out/>
</testsuite> <!-- com.APITestCases.TC_03_Post_new_User_Record -->
