<?xml version="1.0" encoding="UTF-8"?>
<!-- Generated by org.testng.reporters.JUnitReportReporter -->
<testsuite hostname="LAPTOP-J6DB108C" failures="0" tests="1" name="pkg.api.TC_006_GET_ExtractValuesOfEachNode" time="7.705" errors="0" timestamp="2023-05-16T13:45:13 IST" skipped="0">
  <testcase classname="pkg.api.TC_006_GET_ExtractValuesOfEachNode" name="getUser" time="7.705"/>
  <system-out/>
</testsuite> <!-- pkg.api.TC_006_GET_ExtractValuesOfEachNode -->
