<?xml version="1.0" encoding="UTF-8"?>
<!-- Generated by org.testng.reporters.JUnitReportReporter -->
<testsuite hostname="LAPTOP-J6DB108C" failures="0" tests="1" name="pkg.api.TC_002_POST_Request_CreateNewUser" time="2.100" errors="0" timestamp="2023-06-12T15:55:49 IST" skipped="0">
  <testcase classname="pkg.api.TC_002_POST_Request_CreateNewUser" name="registerUser" time="2.100"/>
  <system-out/>
</testsuite> <!-- pkg.api.TC_002_POST_Request_CreateNewUser -->
