<?xml version="1.0" encoding="UTF-8"?>
<!-- Generated by org.testng.reporters.JUnitReportReporter -->
<testsuite hostname="LAPTOP-J6DB108C" failures="0" tests="1" name="pkg.api.TC_002_POST_Request_CreateNewUser" time="3.033" errors="0" timestamp="2023-05-22T15:54:10 IST" skipped="0">
  <testcase classname="pkg.api.TC_002_POST_Request_CreateNewUser" name="registerUser" time="3.033"/>
  <system-out/>
</testsuite> <!-- pkg.api.TC_002_POST_Request_CreateNewUser -->
