<?xml version="1.0" encoding="UTF-8"?>
<!-- Generated by org.testng.reporters.JUnitReportReporter -->
<testsuite hostname="LAPTOP-J6DB108C" failures="0" tests="5" name="com.api.basecom.API.TestCases.TC_04_PUT_Update_User" time="0.004" errors="0" timestamp="2023-05-22T17:23:23 IST" skipped="0">
  <testcase classname="com.api.basecom.API.TestCases.TC_04_PUT_Update_User" name="checkResponseTime" time="0.000"/>
  <system-out/>
  <testcase classname="com.api.basecom.API.TestCases.TC_04_PUT_Update_User" name="checkStatusLine" time="0.001"/>
  <system-out/>
  <testcase classname="com.api.basecom.API.TestCases.TC_04_PUT_Update_User" name="checkContentType" time="0.001"/>
  <system-out/>
  <testcase classname="com.api.basecom.API.TestCases.TC_04_PUT_Update_User" name="checkStatusCode" time="0.001"/>
  <system-out/>
  <testcase classname="com.api.basecom.API.TestCases.TC_04_PUT_Update_User" name="checkResponseBody" time="0.001"/>
  <system-out/>
</testsuite> <!-- com.api.basecom.API.TestCases.TC_04_PUT_Update_User -->
